<?xml version="1.0" encoding="UTF-8"?>
<coverage generated="1508518445609" clover="3.2.0">
  <project timestamp="1508518445609" name="All files">
    <metrics statements="135" coveredstatements="71" conditionals="55" coveredconditionals="10" methods="45" coveredmethods="27" elements="235" coveredelements="108" complexity="0" loc="135" ncloc="135" packages="5" files="19" classes="19">
      <package name="src">
        <metrics statements="24" coveredstatements="1" conditionals="25" coveredconditionals="0" methods="16" coveredmethods="1"/>
        <file name="App.js" path="/Users/svedova/WebstormProjects/vsk-me/src/App.js">
          <metrics statements="1" coveredstatements="1" conditionals="0" coveredconditionals="0" methods="1" coveredmethods="1"/>
          <line num="13" count="1" type="stmt"/>
        </file>
        <file name="index.js" path="/Users/svedova/WebstormProjects/vsk-me/src/index.js">
          <metrics statements="9" coveredstatements="0" conditionals="4" coveredconditionals="0" methods="1" coveredmethods="0"/>
          <line num="1" count="0" type="stmt"/>
          <line num="2" count="0" type="stmt"/>
          <line num="3" count="0" type="stmt"/>
          <line num="4" count="0" type="stmt"/>
          <line num="5" count="0" type="stmt"/>
          <line num="6" count="0" type="cond" truecount="0" falsecount="4"/>
          <line num="9" count="0" type="stmt"/>
          <line num="11" count="0" type="stmt"/>
          <line num="12" count="0" type="stmt"/>
        </file>
        <file name="registerServiceWorker.js" path="/Users/svedova/WebstormProjects/vsk-me/src/registerServiceWorker.js">
          <metrics statements="14" coveredstatements="0" conditionals="21" coveredconditionals="0" methods="14" coveredmethods="0"/>
          <line num="1" count="0" type="stmt"/>
          <line num="21" count="0" type="stmt"/>
          <line num="109" count="0" type="cond" truecount="0" falsecount="3"/>
          <line num="111" count="0" type="cond" truecount="0" falsecount="4"/>
          <line num="112" count="0" type="cond" truecount="0" falsecount="2"/>
          <line num="115" count="0" type="cond" truecount="0" falsecount="2"/>
          <line num="116" count="0" type="stmt"/>
          <line num="117" count="0" type="cond" truecount="0" falsecount="4"/>
          <line num="121" count="0" type="stmt"/>
          <line num="124" count="0" type="stmt"/>
          <line num="125" count="0" type="stmt"/>
          <line num="126" count="0" type="cond" truecount="0" falsecount="4"/>
          <line num="127" count="0" type="stmt"/>
          <line num="128" count="0" type="cond" truecount="0" falsecount="2"/>
        </file>
      </package>
      <package name="src.components.CV">
        <metrics statements="38" coveredstatements="36" conditionals="10" coveredconditionals="7" methods="23" coveredmethods="22"/>
        <file name="CV.js" path="/Users/svedova/WebstormProjects/vsk-me/src/components/CV/CV.js">
          <metrics statements="5" coveredstatements="3" conditionals="4" coveredconditionals="1" methods="3" coveredmethods="2"/>
          <line num="15" count="1" type="stmt"/>
          <line num="16" count="1" type="cond" truecount="1" falsecount="1"/>
          <line num="20" count="0" type="stmt"/>
          <line num="21" count="0" type="cond" truecount="0" falsecount="2"/>
          <line num="25" count="1" type="stmt"/>
        </file>
        <file name="HistoryAbout.js" path="/Users/svedova/WebstormProjects/vsk-me/src/components/CV/HistoryAbout.js">
          <metrics statements="1" coveredstatements="1" conditionals="0" coveredconditionals="0" methods="1" coveredmethods="1"/>
          <line num="8" count="1" type="stmt"/>
        </file>
        <file name="HistoryEducation.js" path="/Users/svedova/WebstormProjects/vsk-me/src/components/CV/HistoryEducation.js">
          <metrics statements="1" coveredstatements="1" conditionals="0" coveredconditionals="0" methods="1" coveredmethods="1"/>
          <line num="8" count="1" type="stmt"/>
        </file>
        <file name="HistoryExperience.js" path="/Users/svedova/WebstormProjects/vsk-me/src/components/CV/HistoryExperience.js">
          <metrics statements="2" coveredstatements="2" conditionals="0" coveredconditionals="0" methods="1" coveredmethods="1"/>
          <line num="13" count="4" type="stmt"/>
          <line num="15" count="4" type="stmt"/>
        </file>
        <file name="HistoryExperiences.js" path="/Users/svedova/WebstormProjects/vsk-me/src/components/CV/HistoryExperiences.js">
          <metrics statements="5" coveredstatements="5" conditionals="0" coveredconditionals="0" methods="5" coveredmethods="5"/>
          <line num="9" count="1" type="stmt"/>
          <line num="21" count="1" type="stmt"/>
          <line num="57" count="1" type="stmt"/>
          <line num="87" count="1" type="stmt"/>
          <line num="100" count="1" type="stmt"/>
        </file>
        <file name="HistoryLanguages.js" path="/Users/svedova/WebstormProjects/vsk-me/src/components/CV/HistoryLanguages.js">
          <metrics statements="11" coveredstatements="11" conditionals="6" coveredconditionals="6" methods="4" coveredmethods="4"/>
          <line num="16" count="25" type="stmt"/>
          <line num="18" count="25" type="cond" truecount="4" falsecount="0"/>
          <line num="19" count="2" type="stmt"/>
          <line num="22" count="23" type="cond" truecount="2" falsecount="0"/>
          <line num="23" count="18" type="stmt"/>
          <line num="26" count="5" type="stmt"/>
          <line num="30" count="1" type="stmt"/>
          <line num="31" count="1" type="stmt"/>
          <line num="33" count="1" type="stmt"/>
          <line num="41" count="5" type="stmt"/>
          <line num="44" count="25" type="stmt"/>
        </file>
        <file name="HistorySkills.js" path="/Users/svedova/WebstormProjects/vsk-me/src/components/CV/HistorySkills.js">
          <metrics statements="4" coveredstatements="4" conditionals="0" coveredconditionals="0" methods="3" coveredmethods="3"/>
          <line num="33" count="1" type="stmt"/>
          <line num="35" count="1" type="stmt"/>
          <line num="43" count="9" type="stmt"/>
          <line num="46" count="9" type="stmt"/>
        </file>
        <file name="MyContact.js" path="/Users/svedova/WebstormProjects/vsk-me/src/components/CV/MyContact.js">
          <metrics statements="2" coveredstatements="2" conditionals="0" coveredconditionals="0" methods="1" coveredmethods="1"/>
          <line num="10" count="1" type="stmt"/>
          <line num="12" count="1" type="stmt"/>
        </file>
        <file name="MyProfile.js" path="/Users/svedova/WebstormProjects/vsk-me/src/components/CV/MyProfile.js">
          <metrics statements="1" coveredstatements="1" conditionals="0" coveredconditionals="0" methods="1" coveredmethods="1"/>
          <line num="7" count="1" type="stmt"/>
        </file>
        <file name="SectionHeader.js" path="/Users/svedova/WebstormProjects/vsk-me/src/components/CV/SectionHeader.js">
          <metrics statements="2" coveredstatements="2" conditionals="0" coveredconditionals="0" methods="1" coveredmethods="1"/>
          <line num="12" count="5" type="stmt"/>
          <line num="14" count="5" type="stmt"/>
        </file>
        <file name="SectionText.js" path="/Users/svedova/WebstormProjects/vsk-me/src/components/CV/SectionText.js">
          <metrics statements="2" coveredstatements="2" conditionals="0" coveredconditionals="0" methods="1" coveredmethods="1"/>
          <line num="11" count="5" type="stmt"/>
          <line num="13" count="5" type="stmt"/>
        </file>
        <file name="Skill.js" path="/Users/svedova/WebstormProjects/vsk-me/src/components/CV/Skill.js">
          <metrics statements="2" coveredstatements="2" conditionals="0" coveredconditionals="0" methods="1" coveredmethods="1"/>
          <line num="12" count="18" type="stmt"/>
          <line num="14" count="18" type="stmt"/>
        </file>
        <file name="index.js" path="/Users/svedova/WebstormProjects/vsk-me/src/components/CV/index.js">
          <metrics statements="0" coveredstatements="0" conditionals="0" coveredconditionals="0" methods="0" coveredmethods="0"/>
        </file>
      </package>
      <package name="src.components.Home">
        <metrics statements="3" coveredstatements="2" conditionals="0" coveredconditionals="0" methods="3" coveredmethods="2"/>
        <file name="index.js" path="/Users/svedova/WebstormProjects/vsk-me/src/components/Home/index.js">
          <metrics statements="3" coveredstatements="2" conditionals="0" coveredconditionals="0" methods="3" coveredmethods="2"/>
          <line num="7" count="1" type="stmt"/>
          <line num="8" count="0" type="stmt"/>
          <line num="13" count="1" type="stmt"/>
        </file>
      </package>
      <package name="src.components.Layout">
        <metrics statements="1" coveredstatements="1" conditionals="0" coveredconditionals="0" methods="1" coveredmethods="1"/>
        <file name="Header.js" path="/Users/svedova/WebstormProjects/vsk-me/src/components/Layout/Header.js">
          <metrics statements="1" coveredstatements="1" conditionals="0" coveredconditionals="0" methods="1" coveredmethods="1"/>
          <line num="6" count="1" type="stmt"/>
        </file>
      </package>
      <package name="src.helpers">
        <metrics statements="69" coveredstatements="31" conditionals="20" coveredconditionals="3" methods="2" coveredmethods="1"/>
        <file name="base64.js" path="/Users/svedova/WebstormProjects/vsk-me/src/helpers/base64.js">
          <metrics statements="69" coveredstatements="31" conditionals="20" coveredconditionals="3" methods="2" coveredmethods="1"/>
          <line num="8" count="2" type="stmt"/>
          <line num="10" count="2" type="stmt"/>
          <line num="11" count="0" type="stmt"/>
          <line num="12" count="0" type="stmt"/>
          <line num="14" count="0" type="stmt"/>
          <line num="15" count="0" type="stmt"/>
          <line num="17" count="0" type="cond" truecount="0" falsecount="2"/>
          <line num="18" count="0" type="stmt"/>
          <line num="19" count="0" type="cond" truecount="0" falsecount="4"/>
          <line num="20" count="0" type="stmt"/>
          <line num="21" count="0" type="stmt"/>
          <line num="23" count="0" type="stmt"/>
          <line num="24" count="0" type="stmt"/>
          <line num="25" count="0" type="stmt"/>
          <line num="29" count="0" type="stmt"/>
          <line num="33" count="2" type="stmt"/>
          <line num="34" count="1" type="stmt"/>
          <line num="35" count="1" type="stmt"/>
          <line num="37" count="1" type="stmt"/>
          <line num="39" count="1" type="stmt"/>
          <line num="40" count="12" type="stmt"/>
          <line num="42" count="12" type="cond" truecount="1" falsecount="1"/>
          <line num="43" count="12" type="stmt"/>
          <line num="44" count="12" type="stmt"/>
          <line num="45" count="0" type="cond" truecount="0" falsecount="4"/>
          <line num="46" count="0" type="stmt"/>
          <line num="47" count="0" type="stmt"/>
          <line num="48" count="0" type="stmt"/>
          <line num="50" count="0" type="stmt"/>
          <line num="51" count="0" type="stmt"/>
          <line num="52" count="0" type="stmt"/>
          <line num="53" count="0" type="stmt"/>
          <line num="57" count="1" type="stmt"/>
          <line num="60" count="2" type="stmt"/>
          <line num="64" count="0" type="stmt"/>
          <line num="66" count="0" type="stmt"/>
          <line num="68" count="0" type="stmt"/>
          <line num="70" count="0" type="stmt"/>
          <line num="71" count="0" type="stmt"/>
          <line num="72" count="0" type="stmt"/>
          <line num="73" count="0" type="stmt"/>
          <line num="75" count="0" type="stmt"/>
          <line num="76" count="0" type="stmt"/>
          <line num="77" count="0" type="stmt"/>
          <line num="78" count="0" type="stmt"/>
          <line num="80" count="0" type="cond" truecount="0" falsecount="2"/>
          <line num="81" count="0" type="stmt"/>
          <line num="82" count="0" type="cond" truecount="0" falsecount="2"/>
          <line num="83" count="0" type="stmt"/>
          <line num="86" count="0" type="stmt"/>
          <line num="91" count="0" type="stmt"/>
          <line num="96" count="1" type="stmt"/>
          <line num="99" count="1" type="stmt"/>
          <line num="101" count="1" type="stmt"/>
          <line num="103" count="1" type="stmt"/>
          <line num="104" count="4" type="stmt"/>
          <line num="105" count="4" type="stmt"/>
          <line num="106" count="4" type="stmt"/>
          <line num="107" count="4" type="stmt"/>
          <line num="109" count="4" type="stmt"/>
          <line num="110" count="4" type="stmt"/>
          <line num="111" count="4" type="stmt"/>
          <line num="113" count="4" type="stmt"/>
          <line num="115" count="4" type="cond" truecount="1" falsecount="1"/>
          <line num="116" count="4" type="stmt"/>
          <line num="119" count="4" type="cond" truecount="1" falsecount="1"/>
          <line num="120" count="4" type="stmt"/>
          <line num="124" count="1" type="stmt"/>
          <line num="126" count="1" type="stmt"/>
        </file>
      </package>
    </metrics>
  </project>
</coverage>
