{"/Users/svedova/WebstormProjects/vsk-me/src/App.js": {"path":"/Users/svedova/WebstormProjects/vsk-me/src/App.js","statementMap":{"0":{"start":{"line":13,"column":4},"end":{"line":24,"column":5}}},"fnMap":{"0":{"name":"(anonymous_0)","decl":{"start":{"line":12,"column":2},"end":{"line":12,"column":3}},"loc":{"start":{"line":12,"column":11},"end":{"line":25,"column":3}},"line":12}},"branchMap":{},"s":{"0":1},"f":{"0":1},"b":{},"_coverageSchema":"332fd63041d2c1bcb487cc26dd0d5f7d97098a6c","hash":"e6078c4e1075277b41c150573be9ad00454be506"}
,"/Users/svedova/WebstormProjects/vsk-me/src/index.js": {"path":"/Users/svedova/WebstormProjects/vsk-me/src/index.js","statementMap":{"0":{"start":{"line":1,"column":32},"end":{"line":1,"column":85}},"1":{"start":{"line":1,"column":99},"end":{"line":1,"column":115}},"2":{"start":{"line":1,"column":130},"end":{"line":1,"column":160}},"3":{"start":{"line":2,"column":16},"end":{"line":2,"column":36}},"4":{"start":{"line":2,"column":54},"end":{"line":2,"column":87}},"5":{"start":{"line":3,"column":0},"end":{"line":3,"column":23}},"6":{"start":{"line":4,"column":11},"end":{"line":4,"column":27}},"7":{"start":{"line":4,"column":40},"end":{"line":4,"column":68}},"8":{"start":{"line":5,"column":18},"end":{"line":5,"column":49}},"9":{"start":{"line":5,"column":69},"end":{"line":5,"column":104}},"10":{"start":{"line":6,"column":29},"end":{"line":6,"column":63}},"11":{"start":{"line":6,"column":94},"end":{"line":6,"column":140}},"12":{"start":{"line":6,"column":179},"end":{"line":6,"column":233}},"13":{"start":{"line":9,"column":0},"end":{"line":9,"column":41}},"14":{"start":{"line":11,"column":0},"end":{"line":11,"column":183}},"15":{"start":{"line":12,"column":0},"end":{"line":12,"column":39}}},"fnMap":{"0":{"name":"_interopRequireDefault","decl":{"start":{"line":6,"column":150},"end":{"line":6,"column":172}},"loc":{"start":{"line":6,"column":178},"end":{"line":6,"column":234}},"line":6}},"branchMap":{"0":{"loc":{"start":{"line":6,"column":186},"end":{"line":6,"column":232}},"type":"cond-expr","locations":[{"start":{"line":6,"column":210},"end":{"line":6,"column":213}},{"start":{"line":6,"column":216},"end":{"line":6,"column":232}}],"line":6},"1":{"loc":{"start":{"line":6,"column":186},"end":{"line":6,"column":207}},"type":"binary-expr","locations":[{"start":{"line":6,"column":186},"end":{"line":6,"column":189}},{"start":{"line":6,"column":193},"end":{"line":6,"column":207}}],"line":6}},"s":{"0":0,"1":0,"2":0,"3":0,"4":0,"5":0,"6":0,"7":0,"8":0,"9":0,"10":0,"11":0,"12":0,"13":0,"14":0,"15":0},"f":{"0":0},"b":{"0":[0,0],"1":[0,0]}}
,"/Users/svedova/WebstormProjects/vsk-me/src/registerServiceWorker.js": {"path":"/Users/svedova/WebstormProjects/vsk-me/src/registerServiceWorker.js","statementMap":{"0":{"start":{"line":1,"column":13},"end":{"line":1,"column":75}},"1":{"start":{"line":1,"column":75},"end":{"line":21,"column":9}},"2":{"start":{"line":21,"column":9},"end":{"line":102,"column":24}},"3":{"start":{"line":109,"column":20},"end":{"line":111,"column":89}},"4":{"start":{"line":111,"column":111},"end":{"line":117,"column":44}},"5":{"start":{"line":112,"column":22},"end":{"line":112,"column":70}},"6":{"start":{"line":112,"column":71},"end":{"line":115,"column":14}},"7":{"start":{"line":115,"column":6},"end":{"line":115,"column":13}},"8":{"start":{"line":115,"column":14},"end":{"line":117,"column":43}},"9":{"start":{"line":115,"column":67},"end":{"line":115,"column":112}},"10":{"start":{"line":115,"column":113},"end":{"line":117,"column":40}},"11":{"start":{"line":116,"column":8},"end":{"line":116,"column":31}},"12":{"start":{"line":117,"column":8},"end":{"line":117,"column":39}},"13":{"start":{"line":117,"column":78},"end":{"line":124,"column":156}},"14":{"start":{"line":117,"column":140},"end":{"line":124,"column":68}},"15":{"start":{"line":117,"column":201},"end":{"line":117,"column":224}},"16":{"start":{"line":117,"column":225},"end":{"line":124,"column":66}},"17":{"start":{"line":117,"column":265},"end":{"line":124,"column":64}},"18":{"start":{"line":117,"column":310},"end":{"line":124,"column":63}},"19":{"start":{"line":121,"column":12},"end":{"line":121,"column":69}},"20":{"start":{"line":124,"column":12},"end":{"line":124,"column":62}},"21":{"start":{"line":124,"column":87},"end":{"line":124,"column":153}},"22":{"start":{"line":125,"column":2},"end":{"line":128,"column":126}},"23":{"start":{"line":126,"column":4},"end":{"line":128,"column":30}},"24":{"start":{"line":127,"column":6},"end":{"line":127,"column":127}},"25":{"start":{"line":127,"column":58},"end":{"line":127,"column":124}},"26":{"start":{"line":127,"column":96},"end":{"line":127,"column":121}},"27":{"start":{"line":128,"column":6},"end":{"line":128,"column":29}},"28":{"start":{"line":128,"column":46},"end":{"line":128,"column":123}},"29":{"start":{"line":128,"column":150},"end":{"line":128,"column":267}},"30":{"start":{"line":128,"column":185},"end":{"line":128,"column":266}},"31":{"start":{"line":128,"column":237},"end":{"line":128,"column":263}}},"fnMap":{"0":{"name":"register","decl":{"start":{"line":111,"column":99},"end":{"line":111,"column":107}},"loc":{"start":{"line":111,"column":110},"end":{"line":117,"column":45}},"line":111},"1":{"name":"(anonymous_1)","decl":{"start":{"line":115,"column":46},"end":{"line":115,"column":47}},"loc":{"start":{"line":115,"column":52},"end":{"line":117,"column":41}},"line":115},"2":{"name":"registerValidSW","decl":{"start":{"line":117,"column":54},"end":{"line":117,"column":69}},"loc":{"start":{"line":117,"column":77},"end":{"line":124,"column":157}},"line":117},"3":{"name":"(anonymous_3)","decl":{"start":{"line":117,"column":123},"end":{"line":117,"column":124}},"loc":{"start":{"line":117,"column":139},"end":{"line":124,"column":69}},"line":117},"4":{"name":"(anonymous_4)","decl":{"start":{"line":117,"column":169},"end":{"line":117,"column":170}},"loc":{"start":{"line":117,"column":175},"end":{"line":124,"column":67}},"line":117},"5":{"name":"(anonymous_5)","decl":{"start":{"line":117,"column":258},"end":{"line":117,"column":259}},"loc":{"start":{"line":117,"column":264},"end":{"line":124,"column":65}},"line":117},"6":{"name":"(anonymous_6)","decl":{"start":{"line":124,"column":77},"end":{"line":124,"column":78}},"loc":{"start":{"line":124,"column":86},"end":{"line":124,"column":154}},"line":124},"7":{"name":"checkValidServiceWorker","decl":{"start":{"line":124,"column":166},"end":{"line":124,"column":189}},"loc":{"start":{"line":124,"column":197},"end":{"line":128,"column":127}},"line":124},"8":{"name":"(anonymous_8)","decl":{"start":{"line":125,"column":20},"end":{"line":125,"column":21}},"loc":{"start":{"line":125,"column":32},"end":{"line":128,"column":31}},"line":125},"9":{"name":"(anonymous_9)","decl":{"start":{"line":127,"column":41},"end":{"line":127,"column":42}},"loc":{"start":{"line":127,"column":57},"end":{"line":127,"column":125}},"line":127},"10":{"name":"(anonymous_10)","decl":{"start":{"line":127,"column":89},"end":{"line":127,"column":90}},"loc":{"start":{"line":127,"column":95},"end":{"line":127,"column":122}},"line":127},"11":{"name":"(anonymous_11)","decl":{"start":{"line":128,"column":39},"end":{"line":128,"column":40}},"loc":{"start":{"line":128,"column":45},"end":{"line":128,"column":124}},"line":128},"12":{"name":"unregister","decl":{"start":{"line":128,"column":136},"end":{"line":128,"column":146}},"loc":{"start":{"line":128,"column":149},"end":{"line":128,"column":268}},"line":128},"13":{"name":"(anonymous_13)","decl":{"start":{"line":128,"column":220},"end":{"line":128,"column":221}},"loc":{"start":{"line":128,"column":236},"end":{"line":128,"column":264}},"line":128}},"branchMap":{"0":{"loc":{"start":{"line":109,"column":28},"end":{"line":111,"column":88}},"type":"binary-expr","locations":[{"start":{"line":109,"column":28},"end":{"line":109,"column":68}},{"start":{"line":110,"column":0},"end":{"line":110,"column":36}},{"start":{"line":111,"column":0},"end":{"line":111,"column":88}}],"line":109},"1":{"loc":{"start":{"line":111,"column":111},"end":{"line":117,"column":44}},"type":"if","locations":[{"start":{"line":111,"column":111},"end":{"line":117,"column":44}},{"start":{"line":111,"column":111},"end":{"line":117,"column":44}}],"line":111},"2":{"loc":{"start":{"line":111,"column":115},"end":{"line":111,"column":184}},"type":"binary-expr","locations":[{"start":{"line":111,"column":115},"end":{"line":111,"column":152}},{"start":{"line":111,"column":156},"end":{"line":111,"column":184}}],"line":111},"3":{"loc":{"start":{"line":112,"column":71},"end":{"line":115,"column":14}},"type":"if","locations":[{"start":{"line":112,"column":71},"end":{"line":115,"column":14}},{"start":{"line":112,"column":71},"end":{"line":115,"column":14}}],"line":112},"4":{"loc":{"start":{"line":115,"column":113},"end":{"line":117,"column":40}},"type":"if","locations":[{"start":{"line":115,"column":113},"end":{"line":117,"column":40}},{"start":{"line":115,"column":113},"end":{"line":117,"column":40}}],"line":115},"5":{"loc":{"start":{"line":117,"column":265},"end":{"line":124,"column":64}},"type":"if","locations":[{"start":{"line":117,"column":265},"end":{"line":124,"column":64}},{"start":{"line":117,"column":265},"end":{"line":124,"column":64}}],"line":117},"6":{"loc":{"start":{"line":117,"column":310},"end":{"line":124,"column":63}},"type":"if","locations":[{"start":{"line":117,"column":310},"end":{"line":124,"column":63}},{"start":{"line":117,"column":310},"end":{"line":124,"column":63}}],"line":117},"7":{"loc":{"start":{"line":126,"column":4},"end":{"line":128,"column":30}},"type":"if","locations":[{"start":{"line":126,"column":4},"end":{"line":128,"column":30}},{"start":{"line":126,"column":4},"end":{"line":128,"column":30}}],"line":126},"8":{"loc":{"start":{"line":126,"column":8},"end":{"line":126,"column":100}},"type":"binary-expr","locations":[{"start":{"line":126,"column":8},"end":{"line":126,"column":31}},{"start":{"line":126,"column":35},"end":{"line":126,"column":100}}],"line":126},"9":{"loc":{"start":{"line":128,"column":150},"end":{"line":128,"column":267}},"type":"if","locations":[{"start":{"line":128,"column":150},"end":{"line":128,"column":267}},{"start":{"line":128,"column":150},"end":{"line":128,"column":267}}],"line":128}},"s":{"0":0,"1":0,"2":0,"3":0,"4":0,"5":0,"6":0,"7":0,"8":0,"9":0,"10":0,"11":0,"12":0,"13":0,"14":0,"15":0,"16":0,"17":0,"18":0,"19":0,"20":0,"21":0,"22":0,"23":0,"24":0,"25":0,"26":0,"27":0,"28":0,"29":0,"30":0,"31":0},"f":{"0":0,"1":0,"2":0,"3":0,"4":0,"5":0,"6":0,"7":0,"8":0,"9":0,"10":0,"11":0,"12":0,"13":0},"b":{"0":[0,0,0],"1":[0,0],"2":[0,0],"3":[0,0],"4":[0,0],"5":[0,0],"6":[0,0],"7":[0,0],"8":[0,0],"9":[0,0]}}
,"/Users/svedova/WebstormProjects/vsk-me/src/components/CV/CV.js": {"path":"/Users/svedova/WebstormProjects/vsk-me/src/components/CV/CV.js","statementMap":{"0":{"start":{"line":15,"column":17},"end":{"line":15,"column":68}},"1":{"start":{"line":16,"column":4},"end":{"line":16,"column":24}},"2":{"start":{"line":20,"column":17},"end":{"line":20,"column":68}},"3":{"start":{"line":21,"column":4},"end":{"line":21,"column":26}},"4":{"start":{"line":25,"column":4},"end":{"line":41,"column":5}}},"fnMap":{"0":{"name":"(anonymous_0)","decl":{"start":{"line":14,"column":2},"end":{"line":14,"column":3}},"loc":{"start":{"line":14,"column":22},"end":{"line":17,"column":3}},"line":14},"1":{"name":"(anonymous_1)","decl":{"start":{"line":19,"column":2},"end":{"line":19,"column":3}},"loc":{"start":{"line":19,"column":25},"end":{"line":22,"column":3}},"line":19},"2":{"name":"(anonymous_2)","decl":{"start":{"line":24,"column":2},"end":{"line":24,"column":3}},"loc":{"start":{"line":24,"column":11},"end":{"line":42,"column":3}},"line":24}},"branchMap":{"0":{"loc":{"start":{"line":16,"column":4},"end":{"line":16,"column":24}},"type":"binary-expr","locations":[{"start":{"line":16,"column":4},"end":{"line":16,"column":8}},{"start":{"line":16,"column":12},"end":{"line":16,"column":24}}],"line":16},"1":{"loc":{"start":{"line":21,"column":4},"end":{"line":21,"column":26}},"type":"binary-expr","locations":[{"start":{"line":21,"column":4},"end":{"line":21,"column":8}},{"start":{"line":21,"column":12},"end":{"line":21,"column":26}}],"line":21}},"s":{"0":1,"1":1,"2":0,"3":0,"4":1},"f":{"0":1,"1":0,"2":1},"b":{"0":[1,0],"1":[0,0]},"_coverageSchema":"332fd63041d2c1bcb487cc26dd0d5f7d97098a6c","hash":"2a5e56ef02db0f1be3f4619d70e71540ae55f111"}
,"/Users/svedova/WebstormProjects/vsk-me/src/components/CV/HistoryAbout.js": {"path":"/Users/svedova/WebstormProjects/vsk-me/src/components/CV/HistoryAbout.js","statementMap":{"0":{"start":{"line":8,"column":4},"end":{"line":28,"column":5}}},"fnMap":{"0":{"name":"(anonymous_0)","decl":{"start":{"line":7,"column":2},"end":{"line":7,"column":3}},"loc":{"start":{"line":7,"column":11},"end":{"line":29,"column":3}},"line":7}},"branchMap":{},"s":{"0":1},"f":{"0":1},"b":{},"_coverageSchema":"332fd63041d2c1bcb487cc26dd0d5f7d97098a6c","hash":"48dcf014e6a7651cabe36f364f27bc73db15eebb"}
,"/Users/svedova/WebstormProjects/vsk-me/src/components/CV/HistoryEducation.js": {"path":"/Users/svedova/WebstormProjects/vsk-me/src/components/CV/HistoryEducation.js","statementMap":{"0":{"start":{"line":8,"column":4},"end":{"line":34,"column":5}}},"fnMap":{"0":{"name":"(anonymous_0)","decl":{"start":{"line":7,"column":2},"end":{"line":7,"column":3}},"loc":{"start":{"line":7,"column":11},"end":{"line":35,"column":3}},"line":7}},"branchMap":{},"s":{"0":1},"f":{"0":1},"b":{},"_coverageSchema":"332fd63041d2c1bcb487cc26dd0d5f7d97098a6c","hash":"43a55cfed69ed9ebb8f1af70996b444494d26faf"}
,"/Users/svedova/WebstormProjects/vsk-me/src/components/CV/HistoryExperience.js": {"path":"/Users/svedova/WebstormProjects/vsk-me/src/components/CV/HistoryExperience.js","statementMap":{"0":{"start":{"line":13,"column":40},"end":{"line":13,"column":50}},"1":{"start":{"line":15,"column":4},"end":{"line":31,"column":5}}},"fnMap":{"0":{"name":"(anonymous_0)","decl":{"start":{"line":12,"column":2},"end":{"line":12,"column":3}},"loc":{"start":{"line":12,"column":11},"end":{"line":32,"column":3}},"line":12}},"branchMap":{},"s":{"0":4,"1":4},"f":{"0":4},"b":{},"_coverageSchema":"332fd63041d2c1bcb487cc26dd0d5f7d97098a6c","hash":"094d9977262456c57352fd0f05ba0353c09051a1"}
,"/Users/svedova/WebstormProjects/vsk-me/src/components/CV/HistoryExperiences.js": {"path":"/Users/svedova/WebstormProjects/vsk-me/src/components/CV/HistoryExperiences.js","statementMap":{"0":{"start":{"line":9,"column":4},"end":{"line":17,"column":5}},"1":{"start":{"line":21,"column":4},"end":{"line":53,"column":5}},"2":{"start":{"line":57,"column":4},"end":{"line":83,"column":5}},"3":{"start":{"line":87,"column":4},"end":{"line":96,"column":5}},"4":{"start":{"line":100,"column":4},"end":{"line":112,"column":5}}},"fnMap":{"0":{"name":"(anonymous_0)","decl":{"start":{"line":8,"column":2},"end":{"line":8,"column":3}},"loc":{"start":{"line":8,"column":16},"end":{"line":18,"column":3}},"line":8},"1":{"name":"(anonymous_1)","decl":{"start":{"line":20,"column":2},"end":{"line":20,"column":3}},"loc":{"start":{"line":20,"column":17},"end":{"line":54,"column":3}},"line":20},"2":{"name":"(anonymous_2)","decl":{"start":{"line":56,"column":2},"end":{"line":56,"column":3}},"loc":{"start":{"line":56,"column":21},"end":{"line":84,"column":3}},"line":56},"3":{"name":"(anonymous_3)","decl":{"start":{"line":86,"column":2},"end":{"line":86,"column":3}},"loc":{"start":{"line":86,"column":22},"end":{"line":97,"column":3}},"line":86},"4":{"name":"(anonymous_4)","decl":{"start":{"line":99,"column":2},"end":{"line":99,"column":3}},"loc":{"start":{"line":99,"column":11},"end":{"line":113,"column":3}},"line":99}},"branchMap":{},"s":{"0":1,"1":1,"2":1,"3":1,"4":1},"f":{"0":1,"1":1,"2":1,"3":1,"4":1},"b":{},"_coverageSchema":"332fd63041d2c1bcb487cc26dd0d5f7d97098a6c","hash":"bc5160e53d47fe05b47d3f22293e246e435e377d"}
,"/Users/svedova/WebstormProjects/vsk-me/src/components/CV/HistoryLanguages.js": {"path":"/Users/svedova/WebstormProjects/vsk-me/src/components/CV/HistoryLanguages.js","statementMap":{"0":{"start":{"line":16,"column":17},"end":{"line":16,"column":33}},"1":{"start":{"line":18,"column":4},"end":{"line":20,"column":5}},"2":{"start":{"line":19,"column":6},"end":{"line":19,"column":35}},"3":{"start":{"line":22,"column":4},"end":{"line":24,"column":5}},"4":{"start":{"line":23,"column":6},"end":{"line":23,"column":25}},"5":{"start":{"line":26,"column":4},"end":{"line":26,"column":25}},"6":{"start":{"line":30,"column":22},"end":{"line":30,"column":37}},"7":{"start":{"line":31,"column":22},"end":{"line":31,"column":38}},"8":{"start":{"line":33,"column":4},"end":{"line":51,"column":5}},"9":{"start":{"line":41,"column":14},"end":{"line":46,"column":20}},"10":{"start":{"line":44,"column":38},"end":{"line":44,"column":106}}},"fnMap":{"0":{"name":"(anonymous_0)","decl":{"start":{"line":15,"column":2},"end":{"line":15,"column":3}},"loc":{"start":{"line":15,"column":25},"end":{"line":27,"column":3}},"line":15},"1":{"name":"(anonymous_1)","decl":{"start":{"line":29,"column":2},"end":{"line":29,"column":3}},"loc":{"start":{"line":29,"column":11},"end":{"line":52,"column":3}},"line":29},"2":{"name":"(anonymous_2)","decl":{"start":{"line":40,"column":35},"end":{"line":40,"column":36}},"loc":{"start":{"line":41,"column":14},"end":{"line":46,"column":20}},"line":41},"3":{"name":"(anonymous_3)","decl":{"start":{"line":44,"column":33},"end":{"line":44,"column":34}},"loc":{"start":{"line":44,"column":38},"end":{"line":44,"column":106}},"line":44}},"branchMap":{"0":{"loc":{"start":{"line":18,"column":4},"end":{"line":20,"column":5}},"type":"if","locations":[{"start":{"line":18,"column":4},"end":{"line":20,"column":5}},{"start":{"line":18,"column":4},"end":{"line":20,"column":5}}],"line":18},"1":{"loc":{"start":{"line":18,"column":8},"end":{"line":18,"column":36}},"type":"binary-expr","locations":[{"start":{"line":18,"column":8},"end":{"line":18,"column":18}},{"start":{"line":18,"column":22},"end":{"line":18,"column":36}}],"line":18},"2":{"loc":{"start":{"line":22,"column":4},"end":{"line":24,"column":5}},"type":"if","locations":[{"start":{"line":22,"column":4},"end":{"line":24,"column":5}},{"start":{"line":22,"column":4},"end":{"line":24,"column":5}}],"line":22}},"s":{"0":25,"1":25,"2":2,"3":23,"4":18,"5":5,"6":1,"7":1,"8":1,"9":5,"10":25},"f":{"0":25,"1":1,"2":5,"3":25},"b":{"0":[2,23],"1":[25,5],"2":[18,5]},"_coverageSchema":"332fd63041d2c1bcb487cc26dd0d5f7d97098a6c","hash":"383870beb84d06b94de52d705b42d17c5a3da257"}
,"/Users/svedova/WebstormProjects/vsk-me/src/components/CV/HistorySkills.js": {"path":"/Users/svedova/WebstormProjects/vsk-me/src/components/CV/HistorySkills.js","statementMap":{"0":{"start":{"line":33,"column":35},"end":{"line":33,"column":48}},"1":{"start":{"line":35,"column":4},"end":{"line":51,"column":5}},"2":{"start":{"line":43,"column":36},"end":{"line":43,"column":83}},"3":{"start":{"line":46,"column":40},"end":{"line":46,"column":87}}},"fnMap":{"0":{"name":"(anonymous_0)","decl":{"start":{"line":32,"column":2},"end":{"line":32,"column":3}},"loc":{"start":{"line":32,"column":11},"end":{"line":52,"column":3}},"line":32},"1":{"name":"(anonymous_1)","decl":{"start":{"line":43,"column":26},"end":{"line":43,"column":27}},"loc":{"start":{"line":43,"column":36},"end":{"line":43,"column":83}},"line":43},"2":{"name":"(anonymous_2)","decl":{"start":{"line":46,"column":30},"end":{"line":46,"column":31}},"loc":{"start":{"line":46,"column":40},"end":{"line":46,"column":87}},"line":46}},"branchMap":{},"s":{"0":1,"1":1,"2":9,"3":9},"f":{"0":1,"1":9,"2":9},"b":{},"_coverageSchema":"332fd63041d2c1bcb487cc26dd0d5f7d97098a6c","hash":"abaf181f2734deceb8ab60c28a85fcd92e58e511"}
,"/Users/svedova/WebstormProjects/vsk-me/src/components/CV/MyContact.js": {"path":"/Users/svedova/WebstormProjects/vsk-me/src/components/CV/MyContact.js","statementMap":{"0":{"start":{"line":10,"column":17},"end":{"line":10,"column":50}},"1":{"start":{"line":12,"column":4},"end":{"line":37,"column":5}}},"fnMap":{"0":{"name":"(anonymous_0)","decl":{"start":{"line":9,"column":2},"end":{"line":9,"column":3}},"loc":{"start":{"line":9,"column":11},"end":{"line":38,"column":3}},"line":9}},"branchMap":{},"s":{"0":1,"1":1},"f":{"0":1},"b":{},"_coverageSchema":"332fd63041d2c1bcb487cc26dd0d5f7d97098a6c","hash":"732ae0e8fa99f988a02595205396117aaa27b21e"}
,"/Users/svedova/WebstormProjects/vsk-me/src/components/CV/MyProfile.js": {"path":"/Users/svedova/WebstormProjects/vsk-me/src/components/CV/MyProfile.js","statementMap":{"0":{"start":{"line":7,"column":4},"end":{"line":17,"column":5}}},"fnMap":{"0":{"name":"(anonymous_0)","decl":{"start":{"line":6,"column":2},"end":{"line":6,"column":3}},"loc":{"start":{"line":6,"column":11},"end":{"line":18,"column":3}},"line":6}},"branchMap":{},"s":{"0":1},"f":{"0":1},"b":{},"_coverageSchema":"332fd63041d2c1bcb487cc26dd0d5f7d97098a6c","hash":"923b2dd48df3bb6b685fb00af7953f03dfad7775"}
,"/Users/svedova/WebstormProjects/vsk-me/src/components/CV/SectionHeader.js": {"path":"/Users/svedova/WebstormProjects/vsk-me/src/components/CV/SectionHeader.js","statementMap":{"0":{"start":{"line":12,"column":29},"end":{"line":12,"column":39}},"1":{"start":{"line":14,"column":4},"end":{"line":19,"column":5}}},"fnMap":{"0":{"name":"(anonymous_0)","decl":{"start":{"line":11,"column":2},"end":{"line":11,"column":3}},"loc":{"start":{"line":11,"column":11},"end":{"line":20,"column":3}},"line":11}},"branchMap":{},"s":{"0":5,"1":5},"f":{"0":5},"b":{},"_coverageSchema":"332fd63041d2c1bcb487cc26dd0d5f7d97098a6c","hash":"486e702c7c55b03cad7888cdd15afc957a843312"}
,"/Users/svedova/WebstormProjects/vsk-me/src/components/CV/SectionText.js": {"path":"/Users/svedova/WebstormProjects/vsk-me/src/components/CV/SectionText.js","statementMap":{"0":{"start":{"line":11,"column":25},"end":{"line":11,"column":35}},"1":{"start":{"line":13,"column":4},"end":{"line":17,"column":5}}},"fnMap":{"0":{"name":"(anonymous_0)","decl":{"start":{"line":10,"column":2},"end":{"line":10,"column":3}},"loc":{"start":{"line":10,"column":11},"end":{"line":18,"column":3}},"line":10}},"branchMap":{},"s":{"0":5,"1":5},"f":{"0":5},"b":{},"_coverageSchema":"332fd63041d2c1bcb487cc26dd0d5f7d97098a6c","hash":"07165973571c85f2049b53e46ad4cb50b41852b2"}
,"/Users/svedova/WebstormProjects/vsk-me/src/components/CV/Skill.js": {"path":"/Users/svedova/WebstormProjects/vsk-me/src/components/CV/Skill.js","statementMap":{"0":{"start":{"line":12,"column":27},"end":{"line":12,"column":37}},"1":{"start":{"line":14,"column":4},"end":{"line":20,"column":5}}},"fnMap":{"0":{"name":"(anonymous_0)","decl":{"start":{"line":11,"column":2},"end":{"line":11,"column":3}},"loc":{"start":{"line":11,"column":11},"end":{"line":21,"column":3}},"line":11}},"branchMap":{},"s":{"0":18,"1":18},"f":{"0":18},"b":{},"_coverageSchema":"332fd63041d2c1bcb487cc26dd0d5f7d97098a6c","hash":"585bd38fa7453a02a6477207f15bf45d5ec2f4c9"}
,"/Users/svedova/WebstormProjects/vsk-me/src/components/CV/index.js": {"path":"/Users/svedova/WebstormProjects/vsk-me/src/components/CV/index.js","statementMap":{},"fnMap":{},"branchMap":{},"s":{},"f":{},"b":{},"_coverageSchema":"332fd63041d2c1bcb487cc26dd0d5f7d97098a6c","hash":"091321660f6a7638cba3557c30027ffdc78a848f"}
,"/Users/svedova/WebstormProjects/vsk-me/src/components/Home/index.js": {"path":"/Users/svedova/WebstormProjects/vsk-me/src/components/Home/index.js","statementMap":{"0":{"start":{"line":7,"column":4},"end":{"line":9,"column":11}},"1":{"start":{"line":8,"column":6},"end":{"line":8,"column":55}},"2":{"start":{"line":13,"column":4},"end":{"line":19,"column":5}}},"fnMap":{"0":{"name":"(anonymous_0)","decl":{"start":{"line":6,"column":2},"end":{"line":6,"column":3}},"loc":{"start":{"line":6,"column":23},"end":{"line":10,"column":3}},"line":6},"1":{"name":"(anonymous_1)","decl":{"start":{"line":7,"column":15},"end":{"line":7,"column":16}},"loc":{"start":{"line":7,"column":21},"end":{"line":9,"column":5}},"line":7},"2":{"name":"(anonymous_2)","decl":{"start":{"line":12,"column":2},"end":{"line":12,"column":3}},"loc":{"start":{"line":12,"column":11},"end":{"line":20,"column":3}},"line":12}},"branchMap":{},"s":{"0":1,"1":0,"2":1},"f":{"0":1,"1":0,"2":1},"b":{},"_coverageSchema":"332fd63041d2c1bcb487cc26dd0d5f7d97098a6c","hash":"8289a0fef7a372f7dc5f9f83d5a8510527261ab4"}
,"/Users/svedova/WebstormProjects/vsk-me/src/components/Layout/Header.js": {"path":"/Users/svedova/WebstormProjects/vsk-me/src/components/Layout/Header.js","statementMap":{"0":{"start":{"line":6,"column":2},"end":{"line":10,"column":11}}},"fnMap":{"0":{"name":"(anonymous_0)","decl":{"start":{"line":5,"column":15},"end":{"line":5,"column":16}},"loc":{"start":{"line":6,"column":2},"end":{"line":10,"column":11}},"line":6}},"branchMap":{},"s":{"0":1},"f":{"0":1},"b":{},"_coverageSchema":"332fd63041d2c1bcb487cc26dd0d5f7d97098a6c","hash":"aaab3cdfa70895877e6967ed6afda203a8947953"}
,"/Users/svedova/WebstormProjects/vsk-me/src/helpers/base64.js": {"path":"/Users/svedova/WebstormProjects/vsk-me/src/helpers/base64.js","statementMap":{"0":{"start":{"line":8,"column":15},"end":{"line":8,"column":82}},"1":{"start":{"line":10,"column":19},"end":{"line":30,"column":1}},"2":{"start":{"line":11,"column":2},"end":{"line":11,"column":40}},"3":{"start":{"line":12,"column":16},"end":{"line":12,"column":18}},"4":{"start":{"line":14,"column":2},"end":{"line":27,"column":3}},"5":{"start":{"line":15,"column":12},"end":{"line":15,"column":32}},"6":{"start":{"line":17,"column":4},"end":{"line":26,"column":5}},"7":{"start":{"line":18,"column":6},"end":{"line":18,"column":39}},"8":{"start":{"line":19,"column":11},"end":{"line":26,"column":5}},"9":{"start":{"line":20,"column":6},"end":{"line":20,"column":52}},"10":{"start":{"line":21,"column":6},"end":{"line":21,"column":52}},"11":{"start":{"line":23,"column":6},"end":{"line":23,"column":53}},"12":{"start":{"line":24,"column":6},"end":{"line":24,"column":59}},"13":{"start":{"line":25,"column":6},"end":{"line":25,"column":52}},"14":{"start":{"line":29,"column":2},"end":{"line":29,"column":16}},"15":{"start":{"line":33,"column":19},"end":{"line":58,"column":1}},"16":{"start":{"line":34,"column":15},"end":{"line":34,"column":17}},"17":{"start":{"line":35,"column":10},"end":{"line":35,"column":11}},"18":{"start":{"line":37,"column":2},"end":{"line":37,"column":17}},"19":{"start":{"line":39,"column":2},"end":{"line":55,"column":3}},"20":{"start":{"line":40,"column":4},"end":{"line":40,"column":29}},"21":{"start":{"line":42,"column":4},"end":{"line":54,"column":5}},"22":{"start":{"line":43,"column":6},"end":{"line":43,"column":38}},"23":{"start":{"line":44,"column":6},"end":{"line":44,"column":9}},"24":{"start":{"line":45,"column":11},"end":{"line":54,"column":5}},"25":{"start":{"line":46,"column":6},"end":{"line":46,"column":36}},"26":{"start":{"line":47,"column":6},"end":{"line":47,"column":64}},"27":{"start":{"line":48,"column":6},"end":{"line":48,"column":12}},"28":{"start":{"line":50,"column":6},"end":{"line":50,"column":36}},"29":{"start":{"line":51,"column":6},"end":{"line":51,"column":36}},"30":{"start":{"line":52,"column":6},"end":{"line":52,"column":84}},"31":{"start":{"line":53,"column":6},"end":{"line":53,"column":12}},"32":{"start":{"line":57,"column":2},"end":{"line":57,"column":15}},"33":{"start":{"line":60,"column":15},"end":{"line":128,"column":1}},"34":{"start":{"line":64,"column":17},"end":{"line":64,"column":19}},"35":{"start":{"line":66,"column":12},"end":{"line":66,"column":13}},"36":{"start":{"line":68,"column":4},"end":{"line":68,"column":29}},"37":{"start":{"line":70,"column":4},"end":{"line":89,"column":5}},"38":{"start":{"line":71,"column":6},"end":{"line":71,"column":34}},"39":{"start":{"line":72,"column":6},"end":{"line":72,"column":34}},"40":{"start":{"line":73,"column":6},"end":{"line":73,"column":34}},"41":{"start":{"line":75,"column":6},"end":{"line":75,"column":22}},"42":{"start":{"line":76,"column":6},"end":{"line":76,"column":44}},"43":{"start":{"line":77,"column":6},"end":{"line":77,"column":45}},"44":{"start":{"line":78,"column":6},"end":{"line":78,"column":22}},"45":{"start":{"line":80,"column":6},"end":{"line":84,"column":7}},"46":{"start":{"line":81,"column":8},"end":{"line":81,"column":24}},"47":{"start":{"line":82,"column":13},"end":{"line":84,"column":7}},"48":{"start":{"line":83,"column":8},"end":{"line":83,"column":17}},"49":{"start":{"line":86,"column":6},"end":{"line":88,"column":49}},"50":{"start":{"line":91,"column":4},"end":{"line":91,"column":17}},"51":{"start":{"line":96,"column":17},"end":{"line":96,"column":19}},"52":{"start":{"line":99,"column":12},"end":{"line":99,"column":13}},"53":{"start":{"line":101,"column":4},"end":{"line":101,"column":49}},"54":{"start":{"line":103,"column":4},"end":{"line":122,"column":5}},"55":{"start":{"line":104,"column":6},"end":{"line":104,"column":46}},"56":{"start":{"line":105,"column":6},"end":{"line":105,"column":46}},"57":{"start":{"line":106,"column":6},"end":{"line":106,"column":46}},"58":{"start":{"line":107,"column":6},"end":{"line":107,"column":46}},"59":{"start":{"line":109,"column":6},"end":{"line":109,"column":38}},"60":{"start":{"line":110,"column":6},"end":{"line":110,"column":45}},"61":{"start":{"line":111,"column":6},"end":{"line":111,"column":37}},"62":{"start":{"line":113,"column":6},"end":{"line":113,"column":49}},"63":{"start":{"line":115,"column":6},"end":{"line":117,"column":7}},"64":{"start":{"line":116,"column":8},"end":{"line":116,"column":43}},"65":{"start":{"line":119,"column":6},"end":{"line":121,"column":7}},"66":{"start":{"line":120,"column":8},"end":{"line":120,"column":43}},"67":{"start":{"line":124,"column":4},"end":{"line":124,"column":31}},"68":{"start":{"line":126,"column":4},"end":{"line":126,"column":17}}},"fnMap":{"0":{"name":"(anonymous_0)","decl":{"start":{"line":10,"column":19},"end":{"line":10,"column":20}},"loc":{"start":{"line":10,"column":29},"end":{"line":30,"column":1}},"line":10},"1":{"name":"(anonymous_1)","decl":{"start":{"line":33,"column":19},"end":{"line":33,"column":20}},"loc":{"start":{"line":33,"column":30},"end":{"line":58,"column":1}},"line":33}},"branchMap":{"0":{"loc":{"start":{"line":17,"column":4},"end":{"line":26,"column":5}},"type":"if","locations":[{"start":{"line":17,"column":4},"end":{"line":26,"column":5}},{"start":{"line":17,"column":4},"end":{"line":26,"column":5}}],"line":17},"1":{"loc":{"start":{"line":19,"column":11},"end":{"line":26,"column":5}},"type":"if","locations":[{"start":{"line":19,"column":11},"end":{"line":26,"column":5}},{"start":{"line":19,"column":11},"end":{"line":26,"column":5}}],"line":19},"2":{"loc":{"start":{"line":19,"column":15},"end":{"line":19,"column":38}},"type":"binary-expr","locations":[{"start":{"line":19,"column":16},"end":{"line":19,"column":23}},{"start":{"line":19,"column":29},"end":{"line":19,"column":37}}],"line":19},"3":{"loc":{"start":{"line":42,"column":4},"end":{"line":54,"column":5}},"type":"if","locations":[{"start":{"line":42,"column":4},"end":{"line":54,"column":5}},{"start":{"line":42,"column":4},"end":{"line":54,"column":5}}],"line":42},"4":{"loc":{"start":{"line":45,"column":11},"end":{"line":54,"column":5}},"type":"if","locations":[{"start":{"line":45,"column":11},"end":{"line":54,"column":5}},{"start":{"line":45,"column":11},"end":{"line":54,"column":5}}],"line":45},"5":{"loc":{"start":{"line":45,"column":15},"end":{"line":45,"column":37}},"type":"binary-expr","locations":[{"start":{"line":45,"column":16},"end":{"line":45,"column":23}},{"start":{"line":45,"column":29},"end":{"line":45,"column":36}}],"line":45},"6":{"loc":{"start":{"line":80,"column":6},"end":{"line":84,"column":7}},"type":"if","locations":[{"start":{"line":80,"column":6},"end":{"line":84,"column":7}},{"start":{"line":80,"column":6},"end":{"line":84,"column":7}}],"line":80},"7":{"loc":{"start":{"line":82,"column":13},"end":{"line":84,"column":7}},"type":"if","locations":[{"start":{"line":82,"column":13},"end":{"line":84,"column":7}},{"start":{"line":82,"column":13},"end":{"line":84,"column":7}}],"line":82},"8":{"loc":{"start":{"line":115,"column":6},"end":{"line":117,"column":7}},"type":"if","locations":[{"start":{"line":115,"column":6},"end":{"line":117,"column":7}},{"start":{"line":115,"column":6},"end":{"line":117,"column":7}}],"line":115},"9":{"loc":{"start":{"line":119,"column":6},"end":{"line":121,"column":7}},"type":"if","locations":[{"start":{"line":119,"column":6},"end":{"line":121,"column":7}},{"start":{"line":119,"column":6},"end":{"line":121,"column":7}}],"line":119}},"s":{"0":2,"1":2,"2":0,"3":0,"4":0,"5":0,"6":0,"7":0,"8":0,"9":0,"10":0,"11":0,"12":0,"13":0,"14":0,"15":2,"16":1,"17":1,"18":1,"19":1,"20":12,"21":12,"22":12,"23":12,"24":0,"25":0,"26":0,"27":0,"28":0,"29":0,"30":0,"31":0,"32":1,"33":2,"34":0,"35":0,"36":0,"37":0,"38":0,"39":0,"40":0,"41":0,"42":0,"43":0,"44":0,"45":0,"46":0,"47":0,"48":0,"49":0,"50":0,"51":1,"52":1,"53":1,"54":1,"55":4,"56":4,"57":4,"58":4,"59":4,"60":4,"61":4,"62":4,"63":4,"64":4,"65":4,"66":4,"67":1,"68":1},"f":{"0":0,"1":1},"b":{"0":[0,0],"1":[0,0],"2":[0,0],"3":[12,0],"4":[0,0],"5":[0,0],"6":[0,0],"7":[0,0],"8":[4,0],"9":[4,0]},"_coverageSchema":"332fd63041d2c1bcb487cc26dd0d5f7d97098a6c","hash":"20b0dda918dbba265ad17631b91a032811ed22b1"}
}
