TN:
SF:/Users/svedova/WebstormProjects/vsk-me/src/App.js
FN:12,(anonymous_0)
FNF:1
FNH:1
FNDA:1,(anonymous_0)
DA:13,1
LF:1
LH:1
BRF:0
BRH:0
end_of_record
TN:
SF:/Users/svedova/WebstormProjects/vsk-me/src/index.js
FN:6,_interopRequireDefault
FNF:1
FNH:0
FNDA:0,_interopRequireDefault
DA:1,0
DA:2,0
DA:3,0
DA:4,0
DA:5,0
DA:6,0
DA:9,0
DA:11,0
DA:12,0
LF:9
LH:0
BRDA:6,0,0,0
BRDA:6,0,1,0
BRDA:6,1,0,0
BRDA:6,1,1,0
BRF:4
BRH:0
end_of_record
TN:
SF:/Users/svedova/WebstormProjects/vsk-me/src/registerServiceWorker.js
FN:111,register
FN:115,(anonymous_1)
FN:117,registerValidSW
FN:117,(anonymous_3)
FN:117,(anonymous_4)
FN:117,(anonymous_5)
FN:124,(anonymous_6)
FN:124,checkValidServiceWorker
FN:125,(anonymous_8)
FN:127,(anonymous_9)
FN:127,(anonymous_10)
FN:128,(anonymous_11)
FN:128,unregister
FN:128,(anonymous_13)
FNF:14
FNH:0
FNDA:0,register
FNDA:0,(anonymous_1)
FNDA:0,registerValidSW
FNDA:0,(anonymous_3)
FNDA:0,(anonymous_4)
FNDA:0,(anonymous_5)
FNDA:0,(anonymous_6)
FNDA:0,checkValidServiceWorker
FNDA:0,(anonymous_8)
FNDA:0,(anonymous_9)
FNDA:0,(anonymous_10)
FNDA:0,(anonymous_11)
FNDA:0,unregister
FNDA:0,(anonymous_13)
DA:1,0
DA:21,0
DA:109,0
DA:111,0
DA:112,0
DA:115,0
DA:116,0
DA:117,0
DA:121,0
DA:124,0
DA:125,0
DA:126,0
DA:127,0
DA:128,0
LF:14
LH:0
BRDA:109,0,0,0
BRDA:109,0,1,0
BRDA:109,0,2,0
BRDA:111,1,0,0
BRDA:111,1,1,0
BRDA:111,2,0,0
BRDA:111,2,1,0
BRDA:112,3,0,0
BRDA:112,3,1,0
BRDA:115,4,0,0
BRDA:115,4,1,0
BRDA:117,5,0,0
BRDA:117,5,1,0
BRDA:117,6,0,0
BRDA:117,6,1,0
BRDA:126,7,0,0
BRDA:126,7,1,0
BRDA:126,8,0,0
BRDA:126,8,1,0
BRDA:128,9,0,0
BRDA:128,9,1,0
BRF:21
BRH:0
end_of_record
TN:
SF:/Users/svedova/WebstormProjects/vsk-me/src/components/CV/CV.js
FN:14,(anonymous_0)
FN:19,(anonymous_1)
FN:24,(anonymous_2)
FNF:3
FNH:2
FNDA:1,(anonymous_0)
FNDA:0,(anonymous_1)
FNDA:1,(anonymous_2)
DA:15,1
DA:16,1
DA:20,0
DA:21,0
DA:25,1
LF:5
LH:3
BRDA:16,0,0,1
BRDA:16,0,1,0
BRDA:21,1,0,0
BRDA:21,1,1,0
BRF:4
BRH:1
end_of_record
TN:
SF:/Users/svedova/WebstormProjects/vsk-me/src/components/CV/HistoryAbout.js
FN:7,(anonymous_0)
FNF:1
FNH:1
FNDA:1,(anonymous_0)
DA:8,1
LF:1
LH:1
BRF:0
BRH:0
end_of_record
TN:
SF:/Users/svedova/WebstormProjects/vsk-me/src/components/CV/HistoryEducation.js
FN:7,(anonymous_0)
FNF:1
FNH:1
FNDA:1,(anonymous_0)
DA:8,1
LF:1
LH:1
BRF:0
BRH:0
end_of_record
TN:
SF:/Users/svedova/WebstormProjects/vsk-me/src/components/CV/HistoryExperience.js
FN:12,(anonymous_0)
FNF:1
FNH:1
FNDA:4,(anonymous_0)
DA:13,4
DA:15,4
LF:2
LH:2
BRF:0
BRH:0
end_of_record
TN:
SF:/Users/svedova/WebstormProjects/vsk-me/src/components/CV/HistoryExperiences.js
FN:8,(anonymous_0)
FN:20,(anonymous_1)
FN:56,(anonymous_2)
FN:86,(anonymous_3)
FN:99,(anonymous_4)
FNF:5
FNH:5
FNDA:1,(anonymous_0)
FNDA:1,(anonymous_1)
FNDA:1,(anonymous_2)
FNDA:1,(anonymous_3)
FNDA:1,(anonymous_4)
DA:9,1
DA:21,1
DA:57,1
DA:87,1
DA:100,1
LF:5
LH:5
BRF:0
BRH:0
end_of_record
TN:
SF:/Users/svedova/WebstormProjects/vsk-me/src/components/CV/HistoryLanguages.js
FN:15,(anonymous_0)
FN:29,(anonymous_1)
FN:40,(anonymous_2)
FN:44,(anonymous_3)
FNF:4
FNH:4
FNDA:25,(anonymous_0)
FNDA:1,(anonymous_1)
FNDA:5,(anonymous_2)
FNDA:25,(anonymous_3)
DA:16,25
DA:18,25
DA:19,2
DA:22,23
DA:23,18
DA:26,5
DA:30,1
DA:31,1
DA:33,1
DA:41,5
DA:44,25
LF:11
LH:11
BRDA:18,0,0,2
BRDA:18,0,1,23
BRDA:18,1,0,25
BRDA:18,1,1,5
BRDA:22,2,0,18
BRDA:22,2,1,5
BRF:6
BRH:6
end_of_record
TN:
SF:/Users/svedova/WebstormProjects/vsk-me/src/components/CV/HistorySkills.js
FN:32,(anonymous_0)
FN:43,(anonymous_1)
FN:46,(anonymous_2)
FNF:3
FNH:3
FNDA:1,(anonymous_0)
FNDA:9,(anonymous_1)
FNDA:9,(anonymous_2)
DA:33,1
DA:35,1
DA:43,9
DA:46,9
LF:4
LH:4
BRF:0
BRH:0
end_of_record
TN:
SF:/Users/svedova/WebstormProjects/vsk-me/src/components/CV/MyContact.js
FN:9,(anonymous_0)
FNF:1
FNH:1
FNDA:1,(anonymous_0)
DA:10,1
DA:12,1
LF:2
LH:2
BRF:0
BRH:0
end_of_record
TN:
SF:/Users/svedova/WebstormProjects/vsk-me/src/components/CV/MyProfile.js
FN:6,(anonymous_0)
FNF:1
FNH:1
FNDA:1,(anonymous_0)
DA:7,1
LF:1
LH:1
BRF:0
BRH:0
end_of_record
TN:
SF:/Users/svedova/WebstormProjects/vsk-me/src/components/CV/SectionHeader.js
FN:11,(anonymous_0)
FNF:1
FNH:1
FNDA:5,(anonymous_0)
DA:12,5
DA:14,5
LF:2
LH:2
BRF:0
BRH:0
end_of_record
TN:
SF:/Users/svedova/WebstormProjects/vsk-me/src/components/CV/SectionText.js
FN:10,(anonymous_0)
FNF:1
FNH:1
FNDA:5,(anonymous_0)
DA:11,5
DA:13,5
LF:2
LH:2
BRF:0
BRH:0
end_of_record
TN:
SF:/Users/svedova/WebstormProjects/vsk-me/src/components/CV/Skill.js
FN:11,(anonymous_0)
FNF:1
FNH:1
FNDA:18,(anonymous_0)
DA:12,18
DA:14,18
LF:2
LH:2
BRF:0
BRH:0
end_of_record
TN:
SF:/Users/svedova/WebstormProjects/vsk-me/src/components/CV/index.js
FNF:0
FNH:0
LF:0
LH:0
BRF:0
BRH:0
end_of_record
TN:
SF:/Users/svedova/WebstormProjects/vsk-me/src/components/Home/index.js
FN:6,(anonymous_0)
FN:7,(anonymous_1)
FN:12,(anonymous_2)
FNF:3
FNH:2
FNDA:1,(anonymous_0)
FNDA:0,(anonymous_1)
FNDA:1,(anonymous_2)
DA:7,1
DA:8,0
DA:13,1
LF:3
LH:2
BRF:0
BRH:0
end_of_record
TN:
SF:/Users/svedova/WebstormProjects/vsk-me/src/components/Layout/Header.js
FN:5,(anonymous_0)
FNF:1
FNH:1
FNDA:1,(anonymous_0)
DA:6,1
LF:1
LH:1
BRF:0
BRH:0
end_of_record
TN:
SF:/Users/svedova/WebstormProjects/vsk-me/src/helpers/base64.js
FN:10,(anonymous_0)
FN:33,(anonymous_1)
FNF:2
FNH:1
FNDA:0,(anonymous_0)
FNDA:1,(anonymous_1)
DA:8,2
DA:10,2
DA:11,0
DA:12,0
DA:14,0
DA:15,0
DA:17,0
DA:18,0
DA:19,0
DA:20,0
DA:21,0
DA:23,0
DA:24,0
DA:25,0
DA:29,0
DA:33,2
DA:34,1
DA:35,1
DA:37,1
DA:39,1
DA:40,12
DA:42,12
DA:43,12
DA:44,12
DA:45,0
DA:46,0
DA:47,0
DA:48,0
DA:50,0
DA:51,0
DA:52,0
DA:53,0
DA:57,1
DA:60,2
DA:64,0
DA:66,0
DA:68,0
DA:70,0
DA:71,0
DA:72,0
DA:73,0
DA:75,0
DA:76,0
DA:77,0
DA:78,0
DA:80,0
DA:81,0
DA:82,0
DA:83,0
DA:86,0
DA:91,0
DA:96,1
DA:99,1
DA:101,1
DA:103,1
DA:104,4
DA:105,4
DA:106,4
DA:107,4
DA:109,4
DA:110,4
DA:111,4
DA:113,4
DA:115,4
DA:116,4
DA:119,4
DA:120,4
DA:124,1
DA:126,1
LF:69
LH:31
BRDA:17,0,0,0
BRDA:17,0,1,0
BRDA:19,1,0,0
BRDA:19,1,1,0
BRDA:19,2,0,0
BRDA:19,2,1,0
BRDA:42,3,0,12
BRDA:42,3,1,0
BRDA:45,4,0,0
BRDA:45,4,1,0
BRDA:45,5,0,0
BRDA:45,5,1,0
BRDA:80,6,0,0
BRDA:80,6,1,0
BRDA:82,7,0,0
BRDA:82,7,1,0
BRDA:115,8,0,4
BRDA:115,8,1,0
BRDA:119,9,0,4
BRDA:119,9,1,0
BRF:20
BRH:3
end_of_record
